<?xml version="1.0" encoding="UTF-8"?>
<testsuite name="VirtualPetTest" tests="1" skipped="0" failures="0" errors="0" timestamp="2020-12-03T19:29:35" hostname="DESKTOP-40N62ON" time="0.002">
  <properties/>
  <testcase name="shouldReturnTickTimerOfOne" classname="VirtualPetTest" time="0.002"/>
  <system-out><![CDATA[]]></system-out>
  <system-err><![CDATA[]]></system-err>
</testsuite>
